<?xml version="1.0" encoding="UTF-8"?>
<!-- Generated by org.testng.reporters.JUnitReportReporter -->
<testsuite hostname="SanjayMeena" failures="0" tests="1" name="api.testcases.GroupTest" time="2.692" errors="0" timestamp="2025-06-25T18:43:22 IST" skipped="0">
  <testcase classname="api.testcases.GroupTest" name="testGetGroupList" time="2.692"/>
</testsuite> <!-- api.testcases.GroupTest -->
