<?xml version="1.0" encoding="UTF-8"?>
<!-- Generated by org.testng.reporters.JUnitReportReporter -->
<testsuite hostname="SanjayMeena" failures="0" tests="1" name="api.testcases.TipsTest" time="2.819" errors="0" timestamp="2025-07-02T19:22:06 IST" skipped="0">
  <testcase classname="api.testcases.TipsTest" name="testGetTips" time="2.819"/>
</testsuite> <!-- api.testcases.TipsTest -->
