<?xml version="1.0" encoding="UTF-8"?>
<!-- Generated by org.testng.reporters.JUnitReportReporter -->
<testsuite hostname="MSI" failures="0" tests="2" name="api.testcases.GroupTest" time="6.678" errors="0" timestamp="2025-06-24T23:22:50 IST" skipped="0">
  <testcase classname="api.testcases.GroupTest" name="testCreateGroup" time="4.920"/>
  <testcase classname="api.testcases.GroupTest" name="testGetGroupList" time="1.758"/>
</testsuite> <!-- api.testcases.GroupTest -->
