<?xml version="1.0" encoding="UTF-8"?>
<!-- Generated by org.testng.reporters.JUnitReportReporter -->
<testsuite hostname="SanjayMeena" failures="0" tests="3" name="api.testcases.SpaceTest" time="7.290" errors="0" timestamp="2025-07-02T15:31:48 IST" skipped="0">
  <testcase classname="api.testcases.SpaceTest" name="testSpaceCreate" time="4.020"/>
  <testcase classname="api.testcases.SpaceTest" name="testGetSpaceList" time="1.613"/>
  <testcase classname="api.testcases.SpaceTest" name="testDeleteCreatedSpace" time="1.657"/>
</testsuite> <!-- api.testcases.SpaceTest -->
