<?xml version="1.0" encoding="UTF-8"?>
<!-- Generated by org.testng.reporters.JUnitReportReporter -->
<testsuite hostname="SanjayMeena" failures="0" tests="3" name="api.testcases.SpaceTest" time="6.603" errors="0" timestamp="2025-06-30T18:37:41 IST" skipped="0">
  <testcase classname="api.testcases.SpaceTest" name="testSpaceCreate" time="3.675"/>
  <testcase classname="api.testcases.SpaceTest" name="testGetSpaceList" time="1.466"/>
  <testcase classname="api.testcases.SpaceTest" name="testDeleteCreatedSpace" time="1.462"/>
</testsuite> <!-- api.testcases.SpaceTest -->
