<?xml version="1.0" encoding="UTF-8"?>
<!-- Generated by org.testng.reporters.JUnitReportReporter -->
<testsuite hostname="SanjayMeena" failures="0" tests="1" name="api.testcases.UserTest" time="2.474" errors="0" timestamp="2025-07-02T16:09:30 IST" skipped="0">
  <testcase classname="api.testcases.UserTest" name="testGetUser" time="2.474"/>
</testsuite> <!-- api.testcases.UserTest -->
