<?xml version="1.0" encoding="UTF-8"?>
<!-- Generated by org.testng.reporters.JUnitReportReporter -->
<testsuite hostname="SanjayMeena" failures="0" tests="3" name="api.testcases.GroupTest" time="6.597" errors="0" timestamp="2025-06-30T19:07:47 IST" skipped="0">
  <testcase classname="api.testcases.GroupTest" name="testCreateGroup" time="3.121"/>
  <testcase classname="api.testcases.GroupTest" name="testdeleteCreatedGroup" time="1.668"/>
  <testcase classname="api.testcases.GroupTest" name="testGetGroupList" time="1.808"/>
</testsuite> <!-- api.testcases.GroupTest -->
