<?xml version="1.0" encoding="UTF-8"?>
<!-- Generated by org.testng.reporters.JUnitReportReporter -->
<testsuite hostname="SanjayMeena" failures="0" tests="2" name="api.testcases.UserTest" time="4.205" errors="0" timestamp="2025-06-25T18:39:05 IST" skipped="0">
  <testcase classname="api.testcases.UserTest" name="testGetUser" time="2.476"/>
  <testcase classname="api.testcases.UserTest" name="testUpdateUser" time="1.729"/>
</testsuite> <!-- api.testcases.UserTest -->
