<?xml version="1.0" encoding="UTF-8"?>
<!-- Generated by org.testng.reporters.JUnitReportReporter -->
<testsuite hostname="SanjayMeena" failures="0" tests="1" name="api.testcases.UserTest" time="3.657" errors="0" timestamp="2025-06-27T12:04:54 IST" skipped="0">
  <testcase classname="api.testcases.UserTest" name="testGetUser" time="3.657"/>
</testsuite> <!-- api.testcases.UserTest -->
