<?xml version="1.0" encoding="UTF-8"?>
<!-- Generated by org.testng.reporters.JUnitReportReporter -->
<testsuite hostname="SanjayMeena" failures="0" tests="3" name="api.testcases.SpaceTest" time="7.151" errors="0" timestamp="2025-06-27T19:17:31 IST" skipped="0">
  <testcase classname="api.testcases.SpaceTest" name="testSpaceCreate" time="3.908"/>
  <testcase classname="api.testcases.SpaceTest" name="testGetSpaceList" time="1.652"/>
  <testcase classname="api.testcases.SpaceTest" name="testDeleteCreatedSpace" time="1.591"/>
</testsuite> <!-- api.testcases.SpaceTest -->
