<?xml version="1.0" encoding="UTF-8"?>
<!-- Generated by org.testng.reporters.JUnitReportReporter -->
<testsuite hostname="SanjayMeena" failures="0" tests="2" name="api.testcases.UserTest" time="4.575" errors="0" timestamp="2025-06-24T19:13:51 IST" skipped="0">
  <testcase classname="api.testcases.UserTest" name="testGetUser" time="2.680"/>
  <testcase classname="api.testcases.UserTest" name="testUpdateUser" time="1.895"/>
</testsuite> <!-- api.testcases.UserTest -->
